<?xml version="1.0" encoding="UTF-8"?>
<!-- Generated by org.testng.reporters.JUnitReportReporter -->
<testsuite hostname="BinuArya" failures="0" tests="1" name="com.sper.testcases.Registration" time="3.922" errors="0" timestamp="2024-05-17T15:57:28 GMT-04:00" skipped="0">
  <testcase classname="com.sper.testcases.Registration" name="signupPage" time="3.922"/>
</testsuite> <!-- com.sper.testcases.Registration -->
