<?xml version="1.0" encoding="UTF-8"?>
<!-- Generated by org.testng.reporters.JUnitReportReporter -->
<testsuite hostname="BinuArya" failures="0" tests="1" name="com.sper.testcases.RegisterNewUser" time="5.169" errors="0" timestamp="2024-03-04T18:38:12 GMT-05:00" skipped="0">
  <testcase classname="com.sper.testcases.RegisterNewUser" name="CreateNewUser" time="5.169"/>
</testsuite> <!-- com.sper.testcases.RegisterNewUser -->
