<?xml version="1.0" encoding="UTF-8"?>
<!-- Generated by org.testng.reporters.JUnitReportReporter -->
<testsuite hostname="BinuArya" failures="0" tests="1" name="com.sper.testcases.LoginFunc" time="5.077" errors="0" timestamp="2024-06-11T16:32:47 GMT-04:00" skipped="0">
  <testcase classname="com.sper.testcases.LoginFunc" name="logintoApp" time="5.077"/>
</testsuite> <!-- com.sper.testcases.LoginFunc -->
