<?xml version="1.0" encoding="UTF-8"?>
<!-- Generated by org.testng.reporters.JUnitReportReporter -->
<testsuite hostname="BinuArya" failures="0" tests="1" name="com.sper.testcases.LogintoApp" time="4.351" errors="0" timestamp="2024-02-29T16:37:01 GMT-05:00" skipped="0">
  <testcase classname="com.sper.testcases.LogintoApp" name="loginapp" time="4.351"/>
</testsuite> <!-- com.sper.testcases.LogintoApp -->
