<?xml version="1.0" encoding="UTF-8"?>
<!-- Generated by org.testng.reporters.JUnitReportReporter -->
<testsuite hostname="BinuArya" failures="0" tests="1" name="com.sper.testcases.LogintoApp1" time="3.556" errors="0" timestamp="2024-04-29T17:14:48 GMT-04:00" skipped="0">
  <testcase classname="com.sper.testcases.LogintoApp1" name="loginapp" time="3.556"/>
</testsuite> <!-- com.sper.testcases.LogintoApp1 -->
