<?xml version="1.0" encoding="UTF-8"?>
<!-- Generated by org.testng.reporters.JUnitReportReporter -->
<testsuite hostname="BinuArya" failures="0" tests="1" name="com.sper.testcases.LogintoApp" time="3.634" errors="0" timestamp="2024-03-12T21:57:33 GMT-04:00" skipped="0">
  <testcase classname="com.sper.testcases.LogintoApp" name="loginapp" time="3.634"/>
</testsuite> <!-- com.sper.testcases.LogintoApp -->
