<?xml version="1.0" encoding="UTF-8"?>
<!-- Generated by org.testng.reporters.JUnitReportReporter -->
<testsuite hostname="BinuArya" failures="0" tests="2" name="com.sper.testcases.CreCour" time="8.004" errors="0" timestamp="2024-06-27T10:13:22 GMT-04:00" skipped="0">
  <testcase classname="com.sper.testcases.CreCour" name="loginToapp" time="2.404"/>
  <testcase classname="com.sper.testcases.CreCour" name="createCourse" time="5.600"/>
</testsuite> <!-- com.sper.testcases.CreCour -->
