<?xml version="1.0" encoding="UTF-8"?>
<!-- Generated by org.testng.reporters.JUnitReportReporter -->
<testsuite hostname="BinuArya" failures="0" tests="1" name="com.sper.testcases.RegisterNewUser" time="3.844" errors="0" timestamp="2024-03-12T21:57:33 GMT-04:00" skipped="0">
  <testcase classname="com.sper.testcases.RegisterNewUser" name="CreateNewUser" time="3.844"/>
</testsuite> <!-- com.sper.testcases.RegisterNewUser -->
